<?xml version="1.0" encoding="UTF-8"?>
<!-- Generated by org.testng.reporters.JUnitReportReporter -->
<testsuite hostname="LAPTOP-5SM7DI6B" failures="0" tests="5" name="com.OrangeHrm.Test.LoginTest" time="31.298" errors="0" timestamp="2021-10-16T15:13:28 IST" skipped="0">
  <testcase classname="com.OrangeHrm.Test.LoginTest" name="LoginToOrangeHRM" time="6.101"/>
  <system-out/>
  <testcase classname="com.OrangeHrm.Test.LoginTest" name="addNewUser" time="5.712"/>
  <system-out/>
  <testcase classname="com.OrangeHrm.Test.LoginTest" name="addusername" time="4.642"/>
  <system-out/>
  <testcase classname="com.OrangeHrm.Test.LoginTest" name="addrecruiment" time="7.255"/>
  <system-out/>
  <testcase classname="com.OrangeHrm.Test.LoginTest" name="addbuzzdetails" time="7.588"/>
  <system-out/>
</testsuite> <!-- com.OrangeHrm.Test.LoginTest -->
